  pH           7
NTR+A0005_  0.00
ARG+A0007_  1.00
GLU-A0009_ -1.00
TYR-A0026_ -0.00
LYS+A0030_  0.94
ASP-A0036_ -1.00
ASP-A0038_ -1.00
LYS+A0040_  0.90
LYS+A0041_  1.00
TYR-A0043_ -0.00
TYR-A0057_ -0.00
TYR-A0064_ -0.00
GLU-A0074_ -0.99
TYR-A0079_ -0.00
ARG+A0082_  1.00
TYR-A0083_ -0.00
ASP-A0085_ -1.00
ASP-A0096_ -0.00
ASP-A0102_ -0.99
ASP-A0104_ -0.97
ASP-A0115_ -0.00
LYS+A0129_  1.00
TYR-A0131_ -0.00
TYR-A0133_ -0.00
ARG+A0134_  1.00
TYR-A0147_ -0.00
TYR-A0150_ -0.00
CTR-A0156_ -1.00
NTR+A0162_  0.85
ARG+A0164_  1.00
GLU-A0166_ -1.00
LYS+A0172_  1.00
ARG+A0175_  1.00
TYR-A0185_ -0.00
GLU-A0194_ -0.00
GLU-A0204_ -1.00
ASP-A0212_ -1.00
RSB+A0216_  1.00
ARG+A0225_  1.00
ARG+A0227_  1.00
CTR-A0231_ -0.99
HOH-A0401_ -0.00
HOH+A0401_  0.00
HOH-A0402_ -0.00
HOH+A0402_  0.00
HOH-A0403_ -0.00
HOH+A0403_  0.00
HOH-A0404_ -0.00
HOH+A0404_  0.00
HOH-A0405_ -0.00
HOH+A0405_  0.00
HOH-A0406_ -0.00
HOH+A0406_  0.00
HOH-A0407_ -0.00
HOH+A0407_  0.00
HOH-A0501_ -0.00
HOH+A0501_  0.00
HOH-A0502_ -0.00
HOH+A0502_  0.00
HOH-A0511_ -0.00
HOH+A0511_  0.00
----------
Net_Charge  1.74
Protons     1.74
Electrons   0.00